[36mvite v5.4.21 [32mbuilding for production...[36m[39m
transforming...
[32m✓[39m 85 modules transformed.
[31mx[39m Build failed in 413ms
[31merror during build:
[31m[vite:esbuild] Transform failed with 1 error:
C:/projects/out_catering/client/src/pages/admin/AdminNotices.tsx:171:0: ERROR: Unexpected "}"[31m
file: [36mC:/projects/out_catering/client/src/pages/admin/AdminNotices.tsx:171:0[31m
[33m
[33mUnexpected "}"[33m
169|      </div>
170|  );
171|  };
   |  ^
172|  
173|  export default AdminNotices;
[31m
    at failureErrorWithLog (C:\projects\out_catering\node_modules\vite\node_modules\esbuild\lib\main.js:1472:15)
    at C:\projects\out_catering\node_modules\vite\node_modules\esbuild\lib\main.js:755:50
    at responseCallbacks.<computed> (C:\projects\out_catering\node_modules\vite\node_modules\esbuild\lib\main.js:622:9)
    at handleIncomingPacket (C:\projects\out_catering\node_modules\vite\node_modules\esbuild\lib\main.js:677:12)
    at Socket.readFromStdout (C:\projects\out_catering\node_modules\vite\node_modules\esbuild\lib\main.js:600:7)
    at Socket.emit (node:events:524:28)
    at addChunk (node:internal/streams/readable:561:12)
    at readableAddChunkPushByteMode (node:internal/streams/readable:512:3)
    at Readable.push (node:internal/streams/readable:392:5)
    at Pipe.onStreamRead (node:internal/stream_base_commons:191:23)[39m
